Determining if the pthread_create exist failed with the following output:
Change Dir: /home/travis/build/cdandrey/otus_matrix/CMakeFiles/CMakeTmp

Run Build Command:"/usr/bin/make" "cmTC_69dbf/fast"
/usr/bin/make -f CMakeFiles/cmTC_69dbf.dir/build.make CMakeFiles/cmTC_69dbf.dir/build
make[1]: Entering directory '/home/travis/build/cdandrey/otus_matrix/CMakeFiles/CMakeTmp'
Building C object CMakeFiles/cmTC_69dbf.dir/CheckSymbolExists.c.o
/usr/bin/gcc    -o CMakeFiles/cmTC_69dbf.dir/CheckSymbolExists.c.o   -c /home/travis/build/cdandrey/otus_matrix/CMakeFiles/CMakeTmp/CheckSymbolExists.c
Linking C executable cmTC_69dbf
/usr/local/cmake-3.12.4/bin/cmake -E cmake_link_script CMakeFiles/cmTC_69dbf.dir/link.txt --verbose=1
/usr/bin/gcc      -rdynamic CMakeFiles/cmTC_69dbf.dir/CheckSymbolExists.c.o  -o cmTC_69dbf 
CMakeFiles/cmTC_69dbf.dir/CheckSymbolExists.c.o: In function `main':
CheckSymbolExists.c:(.text+0x16): undefined reference to `pthread_create'
collect2: error: ld returned 1 exit status
CMakeFiles/cmTC_69dbf.dir/build.make:86: recipe for target 'cmTC_69dbf' failed
make[1]: *** [cmTC_69dbf] Error 1
make[1]: Leaving directory '/home/travis/build/cdandrey/otus_matrix/CMakeFiles/CMakeTmp'
Makefile:121: recipe for target 'cmTC_69dbf/fast' failed
make: *** [cmTC_69dbf/fast] Error 2

File /home/travis/build/cdandrey/otus_matrix/CMakeFiles/CMakeTmp/CheckSymbolExists.c:
/* */
#include <pthread.h>

int main(int argc, char** argv)
{
  (void)argv;
#ifndef pthread_create
  return ((int*)(&pthread_create))[argc];
#else
  (void)argc;
  return 0;
#endif
}

Determining if the function pthread_create exists in the pthreads failed with the following output:
Change Dir: /home/travis/build/cdandrey/otus_matrix/CMakeFiles/CMakeTmp

Run Build Command:"/usr/bin/make" "cmTC_f6858/fast"
/usr/bin/make -f CMakeFiles/cmTC_f6858.dir/build.make CMakeFiles/cmTC_f6858.dir/build
make[1]: Entering directory '/home/travis/build/cdandrey/otus_matrix/CMakeFiles/CMakeTmp'
Building C object CMakeFiles/cmTC_f6858.dir/CheckFunctionExists.c.o
/usr/bin/gcc   -DCHECK_FUNCTION_EXISTS=pthread_create   -o CMakeFiles/cmTC_f6858.dir/CheckFunctionExists.c.o   -c /usr/local/cmake-3.12.4/share/cmake-3.12/Modules/CheckFunctionExists.c
Linking C executable cmTC_f6858
/usr/local/cmake-3.12.4/bin/cmake -E cmake_link_script CMakeFiles/cmTC_f6858.dir/link.txt --verbose=1
/usr/bin/gcc  -DCHECK_FUNCTION_EXISTS=pthread_create    -rdynamic CMakeFiles/cmTC_f6858.dir/CheckFunctionExists.c.o  -o cmTC_f6858 -lpthreads 
/usr/bin/ld: cannot find -lpthreads
collect2: error: ld returned 1 exit status
CMakeFiles/cmTC_f6858.dir/build.make:86: recipe for target 'cmTC_f6858' failed
make[1]: *** [cmTC_f6858] Error 1
make[1]: Leaving directory '/home/travis/build/cdandrey/otus_matrix/CMakeFiles/CMakeTmp'
Makefile:121: recipe for target 'cmTC_f6858/fast' failed
make: *** [cmTC_f6858/fast] Error 2


